Using pre-set license
Built from '2020.3/staging' branch; Version is '2020.3.14f1 (d0d1bb862f9d) revision 13685179'; Using compiler version '192528614'; Build Type 'Release'
OS: 'Windows 10 Pro; OS build 19043.1237; Version 2009; 64bit' Language: 'es' Physical Memory: 8129 MB
BatchMode: 1, IsHumanControllingUs: 0, StartBugReporterOnCrash: 0, Is64bit: 1, IsPro: 0

 COMMAND LINE ARGUMENTS:
C:\Program Files\Unity\Hub\Editor\2020.3.14f1\Editor\Unity.exe
-adb2
-batchMode
-noUpm
-name
AssetImportWorker0
-projectPath
E:/2.SEGUNDO TRIMESTRE/4.JUEVES/2.PROGRAMACION/3.super mario/Super Mario
-logFile
Logs/AssetImportWorker0.log
-srvPort
62751
Successfully changed project path to: E:/2.SEGUNDO TRIMESTRE/4.JUEVES/2.PROGRAMACION/3.super mario/Super Mario
E:/2.SEGUNDO TRIMESTRE/4.JUEVES/2.PROGRAMACION/3.super mario/Super Mario
Using Asset Import Pipeline V2.
Refreshing native plugins compatible for Editor in 45.56 ms, found 3 plugins.
Preloading 0 native plugins for Editor in 0.00 ms.
Initialize engine version: 2020.3.14f1 (d0d1bb862f9d)
[Subsystems] Discovering subsystems at path C:/Program Files/Unity/Hub/Editor/2020.3.14f1/Editor/Data/Resources/UnitySubsystems
[Subsystems] Discovering subsystems at path E:/2.SEGUNDO TRIMESTRE/4.JUEVES/2.PROGRAMACION/3.super mario/Super Mario/Assets
GfxDevice: creating device client; threaded=0
Direct3D:
    Version:  Direct3D 11.0 [level 11.1]
    Renderer: NVIDIA GeForce GTX 1050 (ID=0x1c81)
    Vendor:   
    VRAM:     1977 MB
    Driver:   30.0.14.7141
Initialize mono
Mono path[0] = 'C:/Program Files/Unity/Hub/Editor/2020.3.14f1/Editor/Data/Managed'
Mono path[1] = 'C:/Program Files/Unity/Hub/Editor/2020.3.14f1/Editor/Data/MonoBleedingEdge/lib/mono/unityjit'
Mono config path = 'C:/Program Files/Unity/Hub/Editor/2020.3.14f1/Editor/Data/MonoBleedingEdge/etc'
Using monoOptions --debugger-agent=transport=dt_socket,embedding=1,server=y,suspend=n,address=127.0.0.1:56744
Begin MonoManager ReloadAssembly
Registering precompiled unity dll's ...
Register platform support module: C:/Program Files/Unity/Hub/Editor/2020.3.14f1/Editor/Data/PlaybackEngines/WindowsStandaloneSupport/UnityEditor.WindowsStandalone.Extensions.dll
Registered in 0.002284 seconds.
Native extension for WindowsStandalone target not found
Refreshing native plugins compatible for Editor in 40.19 ms, found 3 plugins.
Preloading 0 native plugins for Editor in 0.00 ms.
Mono: successfully reloaded assembly
- Completed reload, in  1.186 seconds
Domain Reload Profiling:
	ReloadAssembly (1186ms)
		BeginReloadAssembly (60ms)
			ExecutionOrderSort (0ms)
			DisableScriptedObjects (0ms)
			BackupInstance (0ms)
			ReleaseScriptingObjects (0ms)
			CreateAndSetChildDomain (1ms)
		EndReloadAssembly (439ms)
			LoadAssemblies (57ms)
			RebuildTransferFunctionScriptingTraits (0ms)
			SetupTypeCache (166ms)
			ReleaseScriptCaches (0ms)
			RebuildScriptCaches (32ms)
			SetupLoadedEditorAssemblies (173ms)
				LogAssemblyErrors (0ms)
				InitializePlatformSupportModulesInManaged (4ms)
				SetLoadedEditorAssemblies (0ms)
				RefreshPlugins (40ms)
				BeforeProcessingInitializeOnLoad (10ms)
				ProcessInitializeOnLoadAttributes (88ms)
				ProcessInitializeOnLoadMethodAttributes (29ms)
				AfterProcessingInitializeOnLoad (0ms)
				EditorAssembliesLoaded (0ms)
			ExecutionOrderSort2 (0ms)
			AwakeInstancesAfterBackupRestoration (0ms)
Platform modules already initialized, skipping
Registering precompiled user dll's ...
Registered in 0.004429 seconds.
Begin MonoManager ReloadAssembly
Native extension for WindowsStandalone target not found
Refreshing native plugins compatible for Editor in 42.68 ms, found 3 plugins.
Preloading 0 native plugins for Editor in 0.00 ms.
Mono: successfully reloaded assembly
- Completed reload, in  1.198 seconds
Domain Reload Profiling:
	ReloadAssembly (1199ms)
		BeginReloadAssembly (158ms)
			ExecutionOrderSort (0ms)
			DisableScriptedObjects (5ms)
			BackupInstance (0ms)
			ReleaseScriptingObjects (0ms)
			CreateAndSetChildDomain (19ms)
		EndReloadAssembly (974ms)
			LoadAssemblies (99ms)
			RebuildTransferFunctionScriptingTraits (0ms)
			SetupTypeCache (313ms)
			ReleaseScriptCaches (0ms)
			RebuildScriptCaches (51ms)
			SetupLoadedEditorAssemblies (376ms)
				LogAssemblyErrors (0ms)
				InitializePlatformSupportModulesInManaged (6ms)
				SetLoadedEditorAssemblies (0ms)
				RefreshPlugins (43ms)
				BeforeProcessingInitializeOnLoad (90ms)
				ProcessInitializeOnLoadAttributes (217ms)
				ProcessInitializeOnLoadMethodAttributes (13ms)
				AfterProcessingInitializeOnLoad (7ms)
				EditorAssembliesLoaded (0ms)
			ExecutionOrderSort2 (0ms)
			AwakeInstancesAfterBackupRestoration (7ms)
Platform modules already initialized, skipping
========================================================================
Worker process is ready to serve import requests
Launched and connected shader compiler UnityShaderCompiler.exe after 0.05 seconds
Refreshing native plugins compatible for Editor in 0.53 ms, found 3 plugins.
Preloading 0 native plugins for Editor in 0.00 ms.
Unloading 2084 Unused Serialized files (Serialized files now loaded: 0)
System memory in use before: 93.0 MB.
System memory in use after: 92.9 MB.

Unloading 33 unused Assets to reduce memory usage. Loaded Objects now: 2517.
Total: 2.592900 ms (FindLiveObjects: 0.195600 ms CreateObjectMapping: 0.083400 ms MarkObjects: 2.152900 ms  DeleteObjects: 0.160000 ms)

AssetImportParameters requested are different than current active one (requested -> active):
  custom:framework-win-MediaFoundation: 216162199b28c13a410421893ffa2e32 -> 
  custom:video-decoder-ogg-theora: a1e56fd34408186e4bbccfd4996cb3dc -> 
  custom:container-muxer-webm: aa71ff27fc2769a1b78a27578f13a17b -> 
  custom:container-demuxer-webm: 4f35f7cbe854078d1ac9338744f61a02 -> 
  custom:container-demuxer-ogg: 62fdf1f143b41e24485cea50d1cbac27 -> 
  custom:video-encoder-webm-vp8: eb34c28f22e8b96e1ab97ce403110664 -> 
  custom:video-decoder-webm-vp8: 9c59270c3fd7afecdb556c50c9e8de78 -> 
  custom:audio-decoder-ogg-vorbis: bf7c407c2cedff20999df2af8eb42d56 -> 
  custom:audio-encoder-webm-vorbis: bf7c407c2cedff20999df2af8eb42d56 -> 
========================================================================
Received Import Request.
  path: Assets
  artifactKey: Guid(00000000000000001000000000000000) Importer(815301076,1909f56bfc062723c751e8b465ee728b)
Start importing Assets using Guid(00000000000000001000000000000000) Importer(815301076,1909f56bfc062723c751e8b465ee728b)  -> (artifact id: '42d402b061de3733987d63b9cc3b64de') in 0.009493 seconds 
  Import took 0.013001 seconds .

========================================================================
Received Import Request.
  Time since last request: 1.295004 seconds.
  path: Assets/Sounds
  artifactKey: Guid(5092294d06430784b99a125c8e4a0ff7) Importer(815301076,1909f56bfc062723c751e8b465ee728b)
Start importing Assets/Sounds using Guid(5092294d06430784b99a125c8e4a0ff7) Importer(815301076,1909f56bfc062723c751e8b465ee728b)  -> (artifact id: '64252d3e052c35c5040048d8286270d5') in 0.008882 seconds 
  Import took 0.014010 seconds .

========================================================================
Received Import Request.
  Time since last request: 18.266292 seconds.
  path: Assets/Sounds/Super Mario Bros 1 and 2(JP)
  artifactKey: Guid(fc4449d40619bf44ea568a71ff2c6db5) Importer(815301076,1909f56bfc062723c751e8b465ee728b)
Start importing Assets/Sounds/Super Mario Bros 1 and 2(JP) using Guid(fc4449d40619bf44ea568a71ff2c6db5) Importer(815301076,1909f56bfc062723c751e8b465ee728b)  -> (artifact id: '641b92698c335d93c5f6ddbad4f6ed84') in 0.009038 seconds 
  Import took 0.012805 seconds .

========================================================================
Received Import Request.
  Time since last request: 0.055205 seconds.
  path: Assets/Sounds/Super Mario Bros 1 and 2(JP)/1up.wav
  artifactKey: Guid(e4f2dc838d3a7114aa67858b2f5a359b) Importer(815301076,1909f56bfc062723c751e8b465ee728b)
Start importing Assets/Sounds/Super Mario Bros 1 and 2(JP)/1up.wav using Guid(e4f2dc838d3a7114aa67858b2f5a359b) Importer(815301076,1909f56bfc062723c751e8b465ee728b)  -> (artifact id: '9da16053ea64d8bbfc932e54c2ba2f16') in 0.198774 seconds 
  Import took 0.202794 seconds .

========================================================================
Received Import Request.
  Time since last request: 0.000281 seconds.
  path: Assets/Sounds/Super Mario Bros 1 and 2(JP)/Vine.wav
  artifactKey: Guid(11fec53968437ab4fa4af02562e8df84) Importer(815301076,1909f56bfc062723c751e8b465ee728b)
Start importing Assets/Sounds/Super Mario Bros 1 and 2(JP)/Vine.wav using Guid(11fec53968437ab4fa4af02562e8df84) Importer(815301076,1909f56bfc062723c751e8b465ee728b)  -> (artifact id: '314585b2800aaffb11452dc9b6025af0') in 0.018026 seconds 
  Import took 0.022322 seconds .

========================================================================
Received Import Request.
  Time since last request: 0.000267 seconds.
  path: Assets/Sounds/Super Mario Bros 1 and 2(JP)/Big Jump.wav
  artifactKey: Guid(c35a670b831fc9947a1aab9fbb6cca11) Importer(815301076,1909f56bfc062723c751e8b465ee728b)
Start importing Assets/Sounds/Super Mario Bros 1 and 2(JP)/Big Jump.wav using Guid(c35a670b831fc9947a1aab9fbb6cca11) Importer(815301076,1909f56bfc062723c751e8b465ee728b)  -> (artifact id: '8c72e9148672f66f359e06f7a6f9751f') in 0.020325 seconds 
  Import took 0.025674 seconds .

========================================================================
Received Import Request.
  Time since last request: 0.000328 seconds.
  path: Assets/Sounds/Super Mario Bros 1 and 2(JP)/Break.wav
  artifactKey: Guid(e9c57572d4f5feb4cb919017c74cd190) Importer(815301076,1909f56bfc062723c751e8b465ee728b)
Start importing Assets/Sounds/Super Mario Bros 1 and 2(JP)/Break.wav using Guid(e9c57572d4f5feb4cb919017c74cd190) Importer(815301076,1909f56bfc062723c751e8b465ee728b)  -> (artifact id: 'e5b51a348f93f2dcee2ee8849eb933ea') in 0.021041 seconds 
  Import took 0.026033 seconds .

========================================================================
Received Import Request.
  Time since last request: 0.000275 seconds.
  path: Assets/Sounds/Super Mario Bros 1 and 2(JP)/1up.wav
  artifactKey: Guid(e4f2dc838d3a7114aa67858b2f5a359b) Importer(815301076,1909f56bfc062723c751e8b465ee728b)
Start importing Assets/Sounds/Super Mario Bros 1 and 2(JP)/1up.wav using Guid(e4f2dc838d3a7114aa67858b2f5a359b) Importer(815301076,1909f56bfc062723c751e8b465ee728b)  -> (artifact id: '9da16053ea64d8bbfc932e54c2ba2f16') in 0.009828 seconds 
  Import took 0.015408 seconds .

========================================================================
Received Import Request.
  Time since last request: 0.000259 seconds.
  path: Assets/Sounds/Super Mario Bros 1 and 2(JP)/Flagpole.wav
  artifactKey: Guid(06cc42509aa01d64bad96ca9567224c6) Importer(815301076,1909f56bfc062723c751e8b465ee728b)
Start importing Assets/Sounds/Super Mario Bros 1 and 2(JP)/Flagpole.wav using Guid(06cc42509aa01d64bad96ca9567224c6) Importer(815301076,1909f56bfc062723c751e8b465ee728b)  -> (artifact id: '0d9d6148e6fe0fa4c2389d81757b7faa') in 0.016047 seconds 
  Import took 0.021327 seconds .

========================================================================
Received Import Request.
  Time since last request: 0.000193 seconds.
  path: Assets/Sounds/Super Mario Bros 1 and 2(JP)/Bowser Die.wav
  artifactKey: Guid(f90c276d08e70ea439bf594eb583ff72) Importer(815301076,1909f56bfc062723c751e8b465ee728b)
Start importing Assets/Sounds/Super Mario Bros 1 and 2(JP)/Bowser Die.wav using Guid(f90c276d08e70ea439bf594eb583ff72) Importer(815301076,1909f56bfc062723c751e8b465ee728b)  -> (artifact id: 'd7331ba1f9383e81f2709870549fbb87') in 0.016738 seconds 
  Import took 0.021455 seconds .

========================================================================
Received Import Request.
  Time since last request: 0.000207 seconds.
  path: Assets/Sounds/Super Mario Bros 1 and 2(JP)/Skid.wav
  artifactKey: Guid(8aff6e7d76746774d8086220fa1f6ce6) Importer(815301076,1909f56bfc062723c751e8b465ee728b)
Start importing Assets/Sounds/Super Mario Bros 1 and 2(JP)/Skid.wav using Guid(8aff6e7d76746774d8086220fa1f6ce6) Importer(815301076,1909f56bfc062723c751e8b465ee728b)  -> (artifact id: '148b0cc7f53c0c83c51e00f1e6854bde') in 0.013392 seconds 
  Import took 0.018410 seconds .

========================================================================
Received Import Request.
  Time since last request: 0.000210 seconds.
  path: Assets/Sounds/Super Mario Bros 1 and 2(JP)/Warp.wav
  artifactKey: Guid(224056e5d710f8b42b50a0fb3e7a487b) Importer(815301076,1909f56bfc062723c751e8b465ee728b)
Start importing Assets/Sounds/Super Mario Bros 1 and 2(JP)/Warp.wav using Guid(224056e5d710f8b42b50a0fb3e7a487b) Importer(815301076,1909f56bfc062723c751e8b465ee728b)  -> (artifact id: '788ed75931933a2436b0fda32bbc4e7e') in 0.018371 seconds 
  Import took 0.022935 seconds .

========================================================================
Received Import Request.
  Time since last request: 0.000270 seconds.
  path: Assets/Sounds/Super Mario Bros 1 and 2(JP)/Fire Ball.wav
  artifactKey: Guid(7d7631d28885ed641945f702aa89dc81) Importer(815301076,1909f56bfc062723c751e8b465ee728b)
Start importing Assets/Sounds/Super Mario Bros 1 and 2(JP)/Fire Ball.wav using Guid(7d7631d28885ed641945f702aa89dc81) Importer(815301076,1909f56bfc062723c751e8b465ee728b)  -> (artifact id: '7aeda0bbf4ebd6014bf3b735ca2099b3') in 0.014374 seconds 
  Import took 0.018302 seconds .

========================================================================
Received Import Request.
  Time since last request: 0.000272 seconds.
  path: Assets/Sounds/Super Mario Bros 1 and 2(JP)/Coin.wav
  artifactKey: Guid(5cf85e80c0f61f540886606a0774a704) Importer(815301076,1909f56bfc062723c751e8b465ee728b)
Start importing Assets/Sounds/Super Mario Bros 1 and 2(JP)/Coin.wav using Guid(5cf85e80c0f61f540886606a0774a704) Importer(815301076,1909f56bfc062723c751e8b465ee728b)  -> (artifact id: '62efe05308ca5b8c1435e628c4e23d9a') in 0.015323 seconds 
  Import took 0.019540 seconds .

========================================================================
Received Import Request.
  Time since last request: 0.000215 seconds.
  path: Assets/Sounds/Super Mario Bros 1 and 2(JP)/Pause.wav
  artifactKey: Guid(d334ae1be755d5245a8b1180f75ec4a0) Importer(815301076,1909f56bfc062723c751e8b465ee728b)
Start importing Assets/Sounds/Super Mario Bros 1 and 2(JP)/Pause.wav using Guid(d334ae1be755d5245a8b1180f75ec4a0) Importer(815301076,1909f56bfc062723c751e8b465ee728b)  -> (artifact id: '2aa8985c0d783b2595767c90c33cc65f') in 0.015393 seconds 
  Import took 0.019902 seconds .

========================================================================
Received Import Request.
  Time since last request: 0.000223 seconds.
  path: Assets/Sounds/Super Mario Bros 1 and 2(JP)/Beep.wav
  artifactKey: Guid(3102a3b727ae9d64e96048b55cc2db7f) Importer(815301076,1909f56bfc062723c751e8b465ee728b)
Start importing Assets/Sounds/Super Mario Bros 1 and 2(JP)/Beep.wav using Guid(3102a3b727ae9d64e96048b55cc2db7f) Importer(815301076,1909f56bfc062723c751e8b465ee728b)  -> (artifact id: '0706b91d72e5a5990cb9373de4d4937b') in 0.015523 seconds 
  Import took 0.019626 seconds .

========================================================================
Received Import Request.
  Time since last request: 0.000328 seconds.
  path: Assets/Sounds/Super Mario Bros 1 and 2(JP)/Kick.wav
  artifactKey: Guid(320b9831b150b1b41be9ce22d5d1c3c8) Importer(815301076,1909f56bfc062723c751e8b465ee728b)
Start importing Assets/Sounds/Super Mario Bros 1 and 2(JP)/Kick.wav using Guid(320b9831b150b1b41be9ce22d5d1c3c8) Importer(815301076,1909f56bfc062723c751e8b465ee728b)  -> (artifact id: '2c595c8d8582f4b400400d0ee705b2d9') in 0.013265 seconds 
  Import took 0.017131 seconds .

========================================================================
Received Import Request.
  Time since last request: 0.000182 seconds.
  path: Assets/Sounds/Super Mario Bros 1 and 2(JP)/Beep.wav
  artifactKey: Guid(3102a3b727ae9d64e96048b55cc2db7f) Importer(815301076,1909f56bfc062723c751e8b465ee728b)
Start importing Assets/Sounds/Super Mario Bros 1 and 2(JP)/Beep.wav using Guid(3102a3b727ae9d64e96048b55cc2db7f) Importer(815301076,1909f56bfc062723c751e8b465ee728b)  -> (artifact id: '0706b91d72e5a5990cb9373de4d4937b') in 0.009183 seconds 
  Import took 0.013897 seconds .

========================================================================
Received Import Request.
  Time since last request: 0.000219 seconds.
  path: Assets/Sounds/Super Mario Bros 1 and 2(JP)/Game Over.wav
  artifactKey: Guid(d5623a690ecb68145bba56ffa38ca18e) Importer(815301076,1909f56bfc062723c751e8b465ee728b)
Start importing Assets/Sounds/Super Mario Bros 1 and 2(JP)/Game Over.wav using Guid(d5623a690ecb68145bba56ffa38ca18e) Importer(815301076,1909f56bfc062723c751e8b465ee728b)  -> (artifact id: 'f3401acadfaf34f67c9315d1d2eb4eff') in 0.013575 seconds 
  Import took 0.017486 seconds .

========================================================================
Received Import Request.
  Time since last request: 0.000245 seconds.
  path: Assets/Sounds/Super Mario Bros 1 and 2(JP)/Powerup.wav
  artifactKey: Guid(9654fd55cc2ca7646a57cbebca9ffde9) Importer(815301076,1909f56bfc062723c751e8b465ee728b)
Start importing Assets/Sounds/Super Mario Bros 1 and 2(JP)/Powerup.wav using Guid(9654fd55cc2ca7646a57cbebca9ffde9) Importer(815301076,1909f56bfc062723c751e8b465ee728b)  -> (artifact id: 'e3e9737895d92b73ee348aa36c3e5db3') in 0.013344 seconds 
  Import took 0.017523 seconds .

========================================================================
Received Import Request.
  Time since last request: 0.000251 seconds.
  path: Assets/Sounds/Super Mario Bros 1 and 2(JP)/Bump.wav
  artifactKey: Guid(9c9f08b175c116c4f8d9343770a1f461) Importer(815301076,1909f56bfc062723c751e8b465ee728b)
Start importing Assets/Sounds/Super Mario Bros 1 and 2(JP)/Bump.wav using Guid(9c9f08b175c116c4f8d9343770a1f461) Importer(815301076,1909f56bfc062723c751e8b465ee728b)  -> (artifact id: '3263aff553bf2676eb29f91e3b0a197d') in 0.013831 seconds 
  Import took 0.017959 seconds .

========================================================================
Received Import Request.
  Time since last request: 0.000226 seconds.
  path: Assets/Sounds/Super Mario Bros 1 and 2(JP)/Enemy Fire.wav
  artifactKey: Guid(ffff29d5362eb4b46838cc732e772d60) Importer(815301076,1909f56bfc062723c751e8b465ee728b)
Start importing Assets/Sounds/Super Mario Bros 1 and 2(JP)/Enemy Fire.wav using Guid(ffff29d5362eb4b46838cc732e772d60) Importer(815301076,1909f56bfc062723c751e8b465ee728b)  -> (artifact id: 'fda5446f63ea082027f7eb2cbd921bdf') in 0.012349 seconds 
  Import took 0.016453 seconds .

========================================================================
Received Import Request.
  Time since last request: 0.000210 seconds.
  path: Assets/Sounds/Super Mario Bros 1 and 2(JP)/Squish.wav
  artifactKey: Guid(f44f4ebc32fffc647b9e4adebbd6c792) Importer(815301076,1909f56bfc062723c751e8b465ee728b)
Start importing Assets/Sounds/Super Mario Bros 1 and 2(JP)/Squish.wav using Guid(f44f4ebc32fffc647b9e4adebbd6c792) Importer(815301076,1909f56bfc062723c751e8b465ee728b)  -> (artifact id: '29a8b34eb90887f8ad59d8f6bab8dd6c') in 0.013060 seconds 
  Import took 0.018403 seconds .

========================================================================
Received Import Request.
  Time since last request: 0.000178 seconds.
  path: Assets/Sounds/Super Mario Bros 1 and 2(JP)/Jump.wav
  artifactKey: Guid(592bbd907e0799d439e2eca83fffebc8) Importer(815301076,1909f56bfc062723c751e8b465ee728b)
Start importing Assets/Sounds/Super Mario Bros 1 and 2(JP)/Jump.wav using Guid(592bbd907e0799d439e2eca83fffebc8) Importer(815301076,1909f56bfc062723c751e8b465ee728b)  -> (artifact id: '7fc74aecfa1c464414963f1e0a98c428') in 0.013196 seconds 
  Import took 0.017904 seconds .

========================================================================
Received Import Request.
  Time since last request: 0.000193 seconds.
  path: Assets/Sounds/Super Mario Bros 1 and 2(JP)/Item.wav
  artifactKey: Guid(b68a3aeadd4b1664982ea6537f71391d) Importer(815301076,1909f56bfc062723c751e8b465ee728b)
Start importing Assets/Sounds/Super Mario Bros 1 and 2(JP)/Item.wav using Guid(b68a3aeadd4b1664982ea6537f71391d) Importer(815301076,1909f56bfc062723c751e8b465ee728b)  -> (artifact id: '5124cb29e9381c8766e6e6a597d6b1b9') in 0.013617 seconds 
  Import took 0.018140 seconds .

========================================================================
Received Import Request.
  Time since last request: 0.000188 seconds.
  path: Assets/Sounds/Super Mario Bros 1 and 2(JP)/Die.wav
  artifactKey: Guid(7ca1707ee73764649b4d761c45ba76a2) Importer(815301076,1909f56bfc062723c751e8b465ee728b)
Start importing Assets/Sounds/Super Mario Bros 1 and 2(JP)/Die.wav using Guid(7ca1707ee73764649b4d761c45ba76a2) Importer(815301076,1909f56bfc062723c751e8b465ee728b)  -> (artifact id: '1f59fed20daf33908e6228f8b2199dc7') in 0.012965 seconds 
  Import took 0.017160 seconds .

========================================================================
Received Import Request.
  Time since last request: 0.000202 seconds.
  path: Assets/Sounds/Super Mario Bros 1 and 2(JP)/Thwomp.wav
  artifactKey: Guid(ee38405fc3161d949972d51b0861beb5) Importer(815301076,1909f56bfc062723c751e8b465ee728b)
Start importing Assets/Sounds/Super Mario Bros 1 and 2(JP)/Thwomp.wav using Guid(ee38405fc3161d949972d51b0861beb5) Importer(815301076,1909f56bfc062723c751e8b465ee728b)  -> (artifact id: '9ea1cb09887d473d1fe4ef93bc59ce6b') in 0.013199 seconds 
  Import took 0.016730 seconds .

========================================================================
Received Import Request.
  Time since last request: 128.762295 seconds.
  path: Assets/Sprites/Ladrillos.png
  artifactKey: Guid(c274703ac91876548a54d9964de1cfe0) Importer(815301076,1909f56bfc062723c751e8b465ee728b)
Start importing Assets/Sprites/Ladrillos.png using Guid(c274703ac91876548a54d9964de1cfe0) Importer(815301076,1909f56bfc062723c751e8b465ee728b)  -> (artifact id: '79a47cd07936242c5ab7e8c96215ad7c') in 0.047082 seconds 
  Import took 0.051842 seconds .

========================================================================
Received Prepare
Registering precompiled user dll's ...
Registered in 0.004379 seconds.
Begin MonoManager ReloadAssembly
Native extension for WindowsStandalone target not found
Refreshing native plugins compatible for Editor in 0.45 ms, found 3 plugins.
Preloading 0 native plugins for Editor in 0.00 ms.
Mono: successfully reloaded assembly
- Completed reload, in  1.046 seconds
Domain Reload Profiling:
	ReloadAssembly (1047ms)
		BeginReloadAssembly (120ms)
			ExecutionOrderSort (0ms)
			DisableScriptedObjects (6ms)
			BackupInstance (0ms)
			ReleaseScriptingObjects (0ms)
			CreateAndSetChildDomain (35ms)
		EndReloadAssembly (862ms)
			LoadAssemblies (97ms)
			RebuildTransferFunctionScriptingTraits (0ms)
			SetupTypeCache (304ms)
			ReleaseScriptCaches (1ms)
			RebuildScriptCaches (44ms)
			SetupLoadedEditorAssemblies (310ms)
				LogAssemblyErrors (0ms)
				InitializePlatformSupportModulesInManaged (5ms)
				SetLoadedEditorAssemblies (0ms)
				RefreshPlugins (1ms)
				BeforeProcessingInitializeOnLoad (97ms)
				ProcessInitializeOnLoadAttributes (193ms)
				ProcessInitializeOnLoadMethodAttributes (7ms)
				AfterProcessingInitializeOnLoad (7ms)
				EditorAssembliesLoaded (0ms)
			ExecutionOrderSort2 (0ms)
			AwakeInstancesAfterBackupRestoration (12ms)
Platform modules already initialized, skipping
Refreshing native plugins compatible for Editor in 0.45 ms, found 3 plugins.
Preloading 0 native plugins for Editor in 0.00 ms.
Unloading 2079 Unused Serialized files (Serialized files now loaded: 0)
System memory in use before: 96.0 MB.
System memory in use after: 95.9 MB.

Unloading 21 unused Assets to reduce memory usage. Loaded Objects now: 2532.
Total: 2.895100 ms (FindLiveObjects: 0.195100 ms CreateObjectMapping: 0.084300 ms MarkObjects: 2.440500 ms  DeleteObjects: 0.173400 ms)

AssetImportParameters requested are different than current active one (requested -> active):
  custom:framework-win-MediaFoundation: 216162199b28c13a410421893ffa2e32 -> 
  custom:video-decoder-ogg-theora: a1e56fd34408186e4bbccfd4996cb3dc -> 
  custom:container-muxer-webm: aa71ff27fc2769a1b78a27578f13a17b -> 
  custom:container-demuxer-webm: 4f35f7cbe854078d1ac9338744f61a02 -> 
  custom:container-demuxer-ogg: 62fdf1f143b41e24485cea50d1cbac27 -> 
  custom:video-encoder-webm-vp8: eb34c28f22e8b96e1ab97ce403110664 -> 
  custom:video-decoder-webm-vp8: 9c59270c3fd7afecdb556c50c9e8de78 -> 
  custom:audio-decoder-ogg-vorbis: bf7c407c2cedff20999df2af8eb42d56 -> 
  custom:audio-encoder-webm-vorbis: bf7c407c2cedff20999df2af8eb42d56 -> 
========================================================================
Received Import Request.
  Time since last request: 519.397883 seconds.
  path: Assets/Sprites/Ladrillos.png
  artifactKey: Guid(c274703ac91876548a54d9964de1cfe0) Importer(815301076,1909f56bfc062723c751e8b465ee728b)
Start importing Assets/Sprites/Ladrillos.png using Guid(c274703ac91876548a54d9964de1cfe0) Importer(815301076,1909f56bfc062723c751e8b465ee728b)  -> (artifact id: 'a59d66b1cba7b2fb72e665e0b7cd525c') in 0.059691 seconds 
  Import took 0.064237 seconds .

========================================================================
Received Import Request.
  Time since last request: 142.369459 seconds.
  path: Assets/Sprites/Ladrillos.png
  artifactKey: Guid(c274703ac91876548a54d9964de1cfe0) Importer(815301076,1909f56bfc062723c751e8b465ee728b)
Start importing Assets/Sprites/Ladrillos.png using Guid(c274703ac91876548a54d9964de1cfe0) Importer(815301076,1909f56bfc062723c751e8b465ee728b)  -> (artifact id: 'af6e04fc5def02a37d0e0355be34d4b7') in 0.021985 seconds 
  Import took 0.026651 seconds .

========================================================================
Received Import Request.
  Time since last request: 12.292270 seconds.
  path: Assets/Sprites/Ladrillos.png
  artifactKey: Guid(c274703ac91876548a54d9964de1cfe0) Importer(815301076,1909f56bfc062723c751e8b465ee728b)
Start importing Assets/Sprites/Ladrillos.png using Guid(c274703ac91876548a54d9964de1cfe0) Importer(815301076,1909f56bfc062723c751e8b465ee728b)  -> (artifact id: '62c5e9e893ecc6c4ed8d7b5b1b919761') in 0.019776 seconds 
  Import took 0.024391 seconds .

========================================================================
Received Import Request.
  Time since last request: 369.704843 seconds.
  path: Assets/Sprites/Ladrillos.png
  artifactKey: Guid(c274703ac91876548a54d9964de1cfe0) Importer(815301076,1909f56bfc062723c751e8b465ee728b)
Start importing Assets/Sprites/Ladrillos.png using Guid(c274703ac91876548a54d9964de1cfe0) Importer(815301076,1909f56bfc062723c751e8b465ee728b)  -> (artifact id: 'cb9a7ab060a4f01bea8da7ed18385e7b') in 0.017425 seconds 
  Import took 0.021791 seconds .

========================================================================
Received Import Request.
  Time since last request: 1214.867336 seconds.
  path: Assets/Sprites/Cajas.png
  artifactKey: Guid(8d01e56f63fc75047ba952272c147a35) Importer(815301076,1909f56bfc062723c751e8b465ee728b)
Start importing Assets/Sprites/Cajas.png using Guid(8d01e56f63fc75047ba952272c147a35) Importer(815301076,1909f56bfc062723c751e8b465ee728b)  -> (artifact id: '7e83e7288cc515eee6dd306e729e9cc3') in 0.018171 seconds 
  Import took 0.024207 seconds .

========================================================================
Received Import Request.
  Time since last request: 12.421341 seconds.
  path: Assets/Sprites/Cajas.png
  artifactKey: Guid(8d01e56f63fc75047ba952272c147a35) Importer(815301076,1909f56bfc062723c751e8b465ee728b)
Start importing Assets/Sprites/Cajas.png using Guid(8d01e56f63fc75047ba952272c147a35) Importer(815301076,1909f56bfc062723c751e8b465ee728b)  -> (artifact id: 'e4ba3806f62ec981abfee2b44dcb0a14') in 0.009435 seconds 
  Import took 0.014510 seconds .

========================================================================
Received Import Request.
  Time since last request: 8.649997 seconds.
  path: Assets/Sprites/Cajas.png
  artifactKey: Guid(8d01e56f63fc75047ba952272c147a35) Importer(815301076,1909f56bfc062723c751e8b465ee728b)
Start importing Assets/Sprites/Cajas.png using Guid(8d01e56f63fc75047ba952272c147a35) Importer(815301076,1909f56bfc062723c751e8b465ee728b)  -> (artifact id: '4a73bf5cae918dd1eb3b49fc32683897') in 0.008142 seconds 
  Import took 0.012679 seconds .

========================================================================
Received Import Request.
  Time since last request: 9.577379 seconds.
  path: Assets/Sprites/Cajas.png
  artifactKey: Guid(8d01e56f63fc75047ba952272c147a35) Importer(815301076,1909f56bfc062723c751e8b465ee728b)
Start importing Assets/Sprites/Cajas.png using Guid(8d01e56f63fc75047ba952272c147a35) Importer(815301076,1909f56bfc062723c751e8b465ee728b)  -> (artifact id: '63880037bcc25713560b7e10af1a683d') in 0.009732 seconds 
  Import took 0.013766 seconds .

========================================================================
Received Import Request.
  Time since last request: 20.963990 seconds.
  path: Assets/Sprites/Cajas.png
  artifactKey: Guid(8d01e56f63fc75047ba952272c147a35) Importer(815301076,1909f56bfc062723c751e8b465ee728b)
Start importing Assets/Sprites/Cajas.png using Guid(8d01e56f63fc75047ba952272c147a35) Importer(815301076,1909f56bfc062723c751e8b465ee728b)  -> (artifact id: 'eee59eb12eb4ac3bd98a1b954a149351') in 0.015679 seconds 
  Import took 0.020677 seconds .

========================================================================
Received Import Request.
  Time since last request: 454.670029 seconds.
  path: Assets/Sprites/Montanas.png
  artifactKey: Guid(2d453e87c49d4ad498c51dfa7cb5721e) Importer(815301076,1909f56bfc062723c751e8b465ee728b)
Start importing Assets/Sprites/Montanas.png using Guid(2d453e87c49d4ad498c51dfa7cb5721e) Importer(815301076,1909f56bfc062723c751e8b465ee728b)  -> (artifact id: 'c0b58da554f010908f2e624884642f24') in 0.017722 seconds 
  Import took 0.024035 seconds .

========================================================================
Received Import Request.
  Time since last request: 0.000634 seconds.
  path: Assets/Sprites/Montanas.png
  artifactKey: Guid(2d453e87c49d4ad498c51dfa7cb5721e) Importer(815301076,1909f56bfc062723c751e8b465ee728b)
Start importing Assets/Sprites/Montanas.png using Guid(2d453e87c49d4ad498c51dfa7cb5721e) Importer(815301076,1909f56bfc062723c751e8b465ee728b)  -> (artifact id: 'c0b58da554f010908f2e624884642f24') in 0.016876 seconds 
  Import took 0.020876 seconds .

========================================================================
Received Import Request.
  Time since last request: 34.428205 seconds.
  path: Assets/Sprites/Montanas.png
  artifactKey: Guid(2d453e87c49d4ad498c51dfa7cb5721e) Importer(815301076,1909f56bfc062723c751e8b465ee728b)
Start importing Assets/Sprites/Montanas.png using Guid(2d453e87c49d4ad498c51dfa7cb5721e) Importer(815301076,1909f56bfc062723c751e8b465ee728b)  -> (artifact id: '1735b882c9dcc0492f2baf6e630d4a38') in 0.018185 seconds 
  Import took 0.022909 seconds .

========================================================================
Received Import Request.
  Time since last request: 9.345779 seconds.
  path: Assets/Sprites/Montanas.png
  artifactKey: Guid(2d453e87c49d4ad498c51dfa7cb5721e) Importer(815301076,1909f56bfc062723c751e8b465ee728b)
Start importing Assets/Sprites/Montanas.png using Guid(2d453e87c49d4ad498c51dfa7cb5721e) Importer(815301076,1909f56bfc062723c751e8b465ee728b)  -> (artifact id: '9d89eed90b7987133ae3e50db4a377af') in 0.026251 seconds 
  Import took 0.030447 seconds .

========================================================================
Received Import Request.
  Time since last request: 47.605674 seconds.
  path: Assets/Sprites/Montanas.png
  artifactKey: Guid(2d453e87c49d4ad498c51dfa7cb5721e) Importer(815301076,1909f56bfc062723c751e8b465ee728b)
Start importing Assets/Sprites/Montanas.png using Guid(2d453e87c49d4ad498c51dfa7cb5721e) Importer(815301076,1909f56bfc062723c751e8b465ee728b)  -> (artifact id: '82cec5968e109997020aba599709f0ab') in 0.017011 seconds 
  Import took 0.021954 seconds .

========================================================================
Received Import Request.
  Time since last request: 135.463632 seconds.
  path: Assets/Sprites/Hierbas.png
  artifactKey: Guid(1c47afcc422fd98469edf85fd078c28a) Importer(815301076,1909f56bfc062723c751e8b465ee728b)
Start importing Assets/Sprites/Hierbas.png using Guid(1c47afcc422fd98469edf85fd078c28a) Importer(815301076,1909f56bfc062723c751e8b465ee728b)  -> (artifact id: '55e7e0d543d547436b50724b0a01dd3f') in 0.021677 seconds 
  Import took 0.025960 seconds .

========================================================================
Received Import Request.
  Time since last request: 17.217557 seconds.
  path: Assets/Sprites/Hierbas.png
  artifactKey: Guid(1c47afcc422fd98469edf85fd078c28a) Importer(815301076,1909f56bfc062723c751e8b465ee728b)
Start importing Assets/Sprites/Hierbas.png using Guid(1c47afcc422fd98469edf85fd078c28a) Importer(815301076,1909f56bfc062723c751e8b465ee728b)  -> (artifact id: 'cb734f7d0a8e26c20e8832c14453f73e') in 0.022353 seconds 
  Import took 0.026936 seconds .

========================================================================
Received Import Request.
  Time since last request: 9.372674 seconds.
  path: Assets/Sprites/Hierbas.png
  artifactKey: Guid(1c47afcc422fd98469edf85fd078c28a) Importer(815301076,1909f56bfc062723c751e8b465ee728b)
Start importing Assets/Sprites/Hierbas.png using Guid(1c47afcc422fd98469edf85fd078c28a) Importer(815301076,1909f56bfc062723c751e8b465ee728b)  -> (artifact id: '616ddb614eabd1e369366116886b5b20') in 0.023052 seconds 
  Import took 0.027295 seconds .

========================================================================
Received Import Request.
  Time since last request: 19.148497 seconds.
  path: Assets/Sprites/Hierbas.png
  artifactKey: Guid(1c47afcc422fd98469edf85fd078c28a) Importer(815301076,1909f56bfc062723c751e8b465ee728b)
Start importing Assets/Sprites/Hierbas.png using Guid(1c47afcc422fd98469edf85fd078c28a) Importer(815301076,1909f56bfc062723c751e8b465ee728b)  -> (artifact id: '9f1c8211570822a9c4915fa7201bec2e') in 0.027406 seconds 
  Import took 0.031587 seconds .

========================================================================
Received Import Request.
  Time since last request: 37.895167 seconds.
  path: Assets/Sprites/Tuberias.png
  artifactKey: Guid(354c283f6332b884889fc3044332d7e1) Importer(815301076,1909f56bfc062723c751e8b465ee728b)
Start importing Assets/Sprites/Tuberias.png using Guid(354c283f6332b884889fc3044332d7e1) Importer(815301076,1909f56bfc062723c751e8b465ee728b)  -> (artifact id: '143d490d3f587fc7047714dea3e951cd') in 0.020621 seconds 
  Import took 0.025564 seconds .

========================================================================
Received Import Request.
  Time since last request: 98.126285 seconds.
  path: Assets/Sprites/Tuberias.png
  artifactKey: Guid(354c283f6332b884889fc3044332d7e1) Importer(815301076,1909f56bfc062723c751e8b465ee728b)
Start importing Assets/Sprites/Tuberias.png using Guid(354c283f6332b884889fc3044332d7e1) Importer(815301076,1909f56bfc062723c751e8b465ee728b)  -> (artifact id: '2f8adce4179bd21f6c26afec85e03d77') in 0.015497 seconds 
  Import took 0.019769 seconds .

========================================================================
Received Import Request.
  Time since last request: 23.636052 seconds.
  path: Assets/Sprites/Tuberias.png
  artifactKey: Guid(354c283f6332b884889fc3044332d7e1) Importer(815301076,1909f56bfc062723c751e8b465ee728b)
Start importing Assets/Sprites/Tuberias.png using Guid(354c283f6332b884889fc3044332d7e1) Importer(815301076,1909f56bfc062723c751e8b465ee728b)  -> (artifact id: '29f19fbeb71b87e6ab00ccb00cf421c9') in 0.018014 seconds 
  Import took 0.022420 seconds .

========================================================================
Received Import Request.
  Time since last request: 5.795470 seconds.
  path: Assets/Sprites/Tuberias.png
  artifactKey: Guid(354c283f6332b884889fc3044332d7e1) Importer(815301076,1909f56bfc062723c751e8b465ee728b)
Start importing Assets/Sprites/Tuberias.png using Guid(354c283f6332b884889fc3044332d7e1) Importer(815301076,1909f56bfc062723c751e8b465ee728b)  -> (artifact id: 'd3b79a71304bf17a5bf41061070dac16') in 0.023713 seconds 
  Import took 0.028818 seconds .

========================================================================
Received Import Request.
  Time since last request: 687.672632 seconds.
  path: Assets/Sprites/Goombas.png
  artifactKey: Guid(7c21723776a980b4394f3ced6e58e25b) Importer(815301076,1909f56bfc062723c751e8b465ee728b)
Start importing Assets/Sprites/Goombas.png using Guid(7c21723776a980b4394f3ced6e58e25b) Importer(815301076,1909f56bfc062723c751e8b465ee728b)  -> (artifact id: '4505f96688f7184dbe544bc846888e99') in 0.017209 seconds 
  Import took 0.023276 seconds .

========================================================================
Received Import Request.
  Time since last request: 8.626880 seconds.
  path: Assets/Sprites/Goombas.png
  artifactKey: Guid(7c21723776a980b4394f3ced6e58e25b) Importer(815301076,1909f56bfc062723c751e8b465ee728b)
Start importing Assets/Sprites/Goombas.png using Guid(7c21723776a980b4394f3ced6e58e25b) Importer(815301076,1909f56bfc062723c751e8b465ee728b)  -> (artifact id: '69e1fefd10e77a760a356e6b44c5b7e7') in 0.015535 seconds 
  Import took 0.020887 seconds .

========================================================================
Received Import Request.
  Time since last request: 549.523442 seconds.
  path: Assets/Sprites/Nuves.png
  artifactKey: Guid(484277748d5dff24c8db2a4d41cbba9e) Importer(815301076,1909f56bfc062723c751e8b465ee728b)
Start importing Assets/Sprites/Nuves.png using Guid(484277748d5dff24c8db2a4d41cbba9e) Importer(815301076,1909f56bfc062723c751e8b465ee728b)  -> (artifact id: 'd20015b5fff124bd3b31024c1e4d5e5e') in 0.026035 seconds 
  Import took 0.030911 seconds .

========================================================================
Received Import Request.
  Time since last request: 31.117944 seconds.
  path: Assets/Sprites/Nuves.png
  artifactKey: Guid(484277748d5dff24c8db2a4d41cbba9e) Importer(815301076,1909f56bfc062723c751e8b465ee728b)
Start importing Assets/Sprites/Nuves.png using Guid(484277748d5dff24c8db2a4d41cbba9e) Importer(815301076,1909f56bfc062723c751e8b465ee728b)  -> (artifact id: 'd79ebcfd79ed5f6178c39b5b70aa2973') in 0.015125 seconds 
  Import took 0.020319 seconds .

========================================================================
Received Import Request.
  Time since last request: 45.193275 seconds.
  path: Assets/Sprites/Nuves.png
  artifactKey: Guid(484277748d5dff24c8db2a4d41cbba9e) Importer(815301076,1909f56bfc062723c751e8b465ee728b)
Start importing Assets/Sprites/Nuves.png using Guid(484277748d5dff24c8db2a4d41cbba9e) Importer(815301076,1909f56bfc062723c751e8b465ee728b)  -> (artifact id: 'ce0966d2fdaea893ec67e1c3a2578053') in 0.011004 seconds 
  Import took 0.015208 seconds .

========================================================================
Received Import Request.
  Time since last request: 16.595750 seconds.
  path: Assets/Sprites/Nuves.png
  artifactKey: Guid(484277748d5dff24c8db2a4d41cbba9e) Importer(815301076,1909f56bfc062723c751e8b465ee728b)
Start importing Assets/Sprites/Nuves.png using Guid(484277748d5dff24c8db2a4d41cbba9e) Importer(815301076,1909f56bfc062723c751e8b465ee728b)  -> (artifact id: '033b8e7ec9a8a320484f5a3441c9d442') in 0.018138 seconds 
  Import took 0.022799 seconds .

========================================================================
Received Import Request.
  Time since last request: 29.449200 seconds.
  path: Assets/Sprites/Nuves.png
  artifactKey: Guid(484277748d5dff24c8db2a4d41cbba9e) Importer(815301076,1909f56bfc062723c751e8b465ee728b)
Start importing Assets/Sprites/Nuves.png using Guid(484277748d5dff24c8db2a4d41cbba9e) Importer(815301076,1909f56bfc062723c751e8b465ee728b)  -> (artifact id: '5cdbcee2024027a840290b332da06f61') in 0.021157 seconds 
  Import took 0.025858 seconds .

========================================================================
Received Import Request.
  Time since last request: 20.784246 seconds.
  path: Assets/Sprites/Nuves.png
  artifactKey: Guid(484277748d5dff24c8db2a4d41cbba9e) Importer(815301076,1909f56bfc062723c751e8b465ee728b)
Start importing Assets/Sprites/Nuves.png using Guid(484277748d5dff24c8db2a4d41cbba9e) Importer(815301076,1909f56bfc062723c751e8b465ee728b)  -> (artifact id: '6e1f346cda393ab51b4e3bd3dbc26ae0') in 0.026461 seconds 
  Import took 0.031039 seconds .

AssetImportWorkerClient::OnTransportError - code=2 error=End of file
